<?xml version="1.0" encoding="UTF-8"?>
<!-- Generated by org.testng.reporters.JUnitReportReporter -->
<testsuite hostname="seeyos-MacBook-Pro.local" failures="0" tests="3" name="com.demo.phaseendproj.searchTestNG" time="73.362" errors="1" timestamp="11 Oct 2022 16:02:30 GMT">
  <testcase classname="com.demo.phaseendproj.searchTestNG" name="beforeTest2" time="4.743"/>
  <testcase classname="com.demo.phaseendproj.searchTestNG" name="f" time="54.162"/>
  <testcase classname="com.demo.phaseendproj.searchTestNG" name="f2" time="14.457">
    <error message="Unable to locate element: //*[@id=&quot;container&quot;]/div/div[3]/div[1]/div[2]/div[5]/div/div/div/a/div[2]/div[1]/div[1]
For documentation on this error, please visit: http://seleniumhq.org/exceptions/no_such_element.html
Build info: version: &#039;unknown&#039;, revision: &#039;unknown&#039;, time: &#039;unknown&#039;
System info: host: &#039;seeyos-MacBook-Pro.local&#039;, ip: &#039;fe80:0:0:0:14f4:dadc:b7db:2da8%en0&#039;, os.name: &#039;Mac OS X&#039;, os.arch: &#039;x86_64&#039;, os.version: &#039;12.6&#039;, java.version: &#039;17.0.3&#039;
Driver info: org.openqa.selenium.firefox.FirefoxDriver
Capabilities [{moz:profile=/var/folders/72/w8x9g3t54hzd_s963ftxkd5h0000gn/T/rust_mozprofileIFi2Vr, moz:geckodriverVersion=0.31.0, timeouts={implicit=0, pageLoad=300000, script=30000}, pageLoadStrategy=normal, unhandledPromptBehavior=dismiss and notify, strictFileInteractability=false, moz:headless=false, platform=MAC, proxy=Proxy(), moz:accessibilityChecks=false, moz:useNonSpecCompliantPointerOrigin=false, acceptInsecureCerts=false, browserVersion=92.0.1, moz:shutdownTimeout=60000, platformVersion=21.6.0, moz:processID=7968, browserName=firefox, moz:buildID=20210922161155, javascriptEnabled=true, platformName=MAC, setWindowRect=true, moz:webdriverClick=true}]
Session ID: 36cf8c93-f64f-624f-8bca-c7800b0b003e
*** Element info: {Using=xpath, value=//*[@id=&quot;container&quot;]/div/div[3]/div[1]/div[2]/div[5]/div/div/div/a/div[2]/div[1]/div[1]}" type="org.openqa.selenium.NoSuchElementException">
      <![CDATA[org.openqa.selenium.NoSuchElementException: Unable to locate element: //*[@id="container"]/div/div[3]/div[1]/div[2]/div[5]/div/div/div/a/div[2]/div[1]/div[1]
For documentation on this error, please visit: http://seleniumhq.org/exceptions/no_such_element.html
Build info: version: 'unknown', revision: 'unknown', time: 'unknown'
System info: host: 'seeyos-MacBook-Pro.local', ip: 'fe80:0:0:0:14f4:dadc:b7db:2da8%en0', os.name: 'Mac OS X', os.arch: 'x86_64', os.version: '12.6', java.version: '17.0.3'
Driver info: org.openqa.selenium.firefox.FirefoxDriver
Capabilities [{moz:profile=/var/folders/72/w8x9g3t54hzd_s963ftxkd5h0000gn/T/rust_mozprofileIFi2Vr, moz:geckodriverVersion=0.31.0, timeouts={implicit=0, pageLoad=300000, script=30000}, pageLoadStrategy=normal, unhandledPromptBehavior=dismiss and notify, strictFileInteractability=false, moz:headless=false, platform=MAC, proxy=Proxy(), moz:accessibilityChecks=false, moz:useNonSpecCompliantPointerOrigin=false, acceptInsecureCerts=false, browserVersion=92.0.1, moz:shutdownTimeout=60000, platformVersion=21.6.0, moz:processID=7968, browserName=firefox, moz:buildID=20210922161155, javascriptEnabled=true, platformName=MAC, setWindowRect=true, moz:webdriverClick=true}]
Session ID: 36cf8c93-f64f-624f-8bca-c7800b0b003e
*** Element info: {Using=xpath, value=//*[@id="container"]/div/div[3]/div[1]/div[2]/div[5]/div/div/div/a/div[2]/div[1]/div[1]}
	at java.base/jdk.internal.reflect.NativeConstructorAccessorImpl.newInstance0(Native Method)
	at java.base/jdk.internal.reflect.NativeConstructorAccessorImpl.newInstance(NativeConstructorAccessorImpl.java:77)
	at java.base/jdk.internal.reflect.DelegatingConstructorAccessorImpl.newInstance(DelegatingConstructorAccessorImpl.java:45)
	at java.base/java.lang.reflect.Constructor.newInstanceWithCaller(Constructor.java:499)
	at java.base/java.lang.reflect.Constructor.newInstance(Constructor.java:480)
	at org.openqa.selenium.remote.http.W3CHttpResponseCodec.createException(W3CHttpResponseCodec.java:185)
	at org.openqa.selenium.remote.http.W3CHttpResponseCodec.decode(W3CHttpResponseCodec.java:120)
	at org.openqa.selenium.remote.http.W3CHttpResponseCodec.decode(W3CHttpResponseCodec.java:49)
	at org.openqa.selenium.remote.HttpCommandExecutor.execute(HttpCommandExecutor.java:164)
	at org.openqa.selenium.remote.service.DriverCommandExecutor.execute(DriverCommandExecutor.java:82)
	at org.openqa.selenium.remote.RemoteWebDriver.execute(RemoteWebDriver.java:646)
	at org.openqa.selenium.remote.RemoteWebDriver.findElement(RemoteWebDriver.java:416)
	at org.openqa.selenium.remote.RemoteWebDriver.findElementByXPath(RemoteWebDriver.java:518)
	at org.openqa.selenium.By$ByXPath.findElement(By.java:361)
	at org.openqa.selenium.remote.RemoteWebDriver.findElement(RemoteWebDriver.java:408)
	at com.demo.phaseendproj.searchTestNG.f2(searchTestNG.java:180)
	at java.base/jdk.internal.reflect.NativeMethodAccessorImpl.invoke0(Native Method)
	at java.base/jdk.internal.reflect.NativeMethodAccessorImpl.invoke(NativeMethodAccessorImpl.java:77)
	at java.base/jdk.internal.reflect.DelegatingMethodAccessorImpl.invoke(DelegatingMethodAccessorImpl.java:43)
	at java.base/java.lang.reflect.Method.invoke(Method.java:568)
	at org.testng.internal.MethodInvocationHelper.invokeMethod(MethodInvocationHelper.java:85)
	at org.testng.internal.Invoker.invokeMethod(Invoker.java:639)
	at org.testng.internal.Invoker.invokeTestMethod(Invoker.java:816)
	at org.testng.internal.Invoker.invokeTestMethods(Invoker.java:1124)
	at org.testng.internal.TestMethodWorker.invokeTestMethods(TestMethodWorker.java:125)
	at org.testng.internal.TestMethodWorker.run(TestMethodWorker.java:108)
	at org.testng.TestRunner.privateRun(TestRunner.java:774)
	at org.testng.TestRunner.run(TestRunner.java:624)
	at org.testng.SuiteRunner.runTest(SuiteRunner.java:359)
	at org.testng.SuiteRunner.runSequentially(SuiteRunner.java:354)
	at org.testng.SuiteRunner.privateRun(SuiteRunner.java:312)
	at org.testng.SuiteRunner.run(SuiteRunner.java:261)
	at org.testng.SuiteRunnerWorker.runSuite(SuiteRunnerWorker.java:52)
	at org.testng.SuiteRunnerWorker.run(SuiteRunnerWorker.java:86)
	at org.testng.TestNG.runSuitesSequentially(TestNG.java:1215)
	at org.testng.TestNG.runSuitesLocally(TestNG.java:1140)
	at org.testng.TestNG.run(TestNG.java:1048)
	at org.testng.remote.AbstractRemoteTestNG.run(AbstractRemoteTestNG.java:115)
	at org.testng.remote.RemoteTestNG.initAndRun(RemoteTestNG.java:251)
	at org.testng.remote.RemoteTestNG.main(RemoteTestNG.java:77)
]]>
    </error>
  </testcase> <!-- f2 -->
</testsuite> <!-- com.demo.phaseendproj.searchTestNG -->
